# JRE version: OpenJDK Runtime Environment Temurin-17.0.10+7 (17.0.10+7) (build 17.0.10+7)
# Java VM: OpenJDK 64-Bit Server VM Temurin-17.0.10+7 (17.0.10+7, mixed mode, emulated-client, tiered, compressed oops, compressed class ptrs, g1 gc, windows-amd64)
GC Precious Log:
 CPUs: 16 total, 16 available
 Memory: 7598M
 Large Page Support: Disabled
 NUMA Support: Disabled
 Compressed Oops: Enabled (32-bit)
 Heap Region Size: 1M
 Heap Min Capacity: 8M
 Heap Initial Capacity: 120M
 Heap Max Capacity: 1G
 Pre-touch: Disabled
 Parallel Workers: 13
 Concurrent Workers: 3
 Concurrent Refinement Workers: 13
 Periodic GC: Disabled
Heap:
 garbage-first heap   total 91136K, used 36335K [0x00000000c0000000, 0x0000000100000000)
  region size 1024K, 1 young (1024K), 0 survivors (0K)
 Metaspace       used 55672K, committed 56256K, reserved 1114112K
  class space    used 6928K, committed 7168K, reserved 1048576K
GC Heap History (20 events):
Event: 42920.630 GC heap before
{Heap before GC invocations=1949 (full 1934):
 garbage-first heap   total 91136K, used 36335K [0x00000000c0000000, 0x0000000100000000)
  region size 1024K, 1 young (1024K), 0 survivors (0K)
 Metaspace       used 55672K, committed 56256K, reserved 1114112K
  class space    used 6928K, committed 7168K, reserved 1048576K
}
Event: 42920.687 GC heap after
{Heap after GC invocations=1950 (full 1935):
 garbage-first heap   total 91136K, used 36335K [0x00000000c0000000, 0x0000000100000000)
  region size 1024K, 0 young (0K), 0 survivors (0K)
 Metaspace       used 55672K, committed 56256K, reserved 1114112K
  class space    used 6928K, committed 7168K, reserved 1048576K
}
Event: 42931.074 GC heap before
{Heap before GC invocations=1950 (full 1935):
 garbage-first heap   total 91136K, used 36335K [0x00000000c0000000, 0x0000000100000000)
  region size 1024K, 1 young (1024K), 0 survivors (0K)
 Metaspace       used 55672K, committed 56256K, reserved 1114112K
  class space    used 6928K, committed 7168K, reserved 1048576K
}
Event: 42931.115 GC heap after
{Heap after GC invocations=1951 (full 1936):
 garbage-first heap   total 91136K, used 36335K [0x00000000c0000000, 0x0000000100000000)
  region size 1024K, 0 young (0K), 0 survivors (0K)
 Metaspace       used 55672K, committed 56256K, reserved 1114112K
  class space    used 6928K, committed 7168K, reserved 1048576K
}
Event: 42941.474 GC heap before
{Heap before GC invocations=1951 (full 1936):
 garbage-first heap   total 91136K, used 36335K [0x00000000c0000000, 0x0000000100000000)
  region size 1024K, 1 young (1024K), 0 survivors (0K)
 Metaspace       used 55672K, committed 56256K, reserved 1114112K
  class space    used 6928K, committed 7168K, reserved 1048576K
}
Event: 42941.519 GC heap after
{Heap after GC invocations=1952 (full 1937):
 garbage-first heap   total 91136K, used 36335K [0x00000000c0000000, 0x0000000100000000)
  region size 1024K, 0 young (0K), 0 survivors (0K)
 Metaspace       used 55672K, committed 56256K, reserved 1114112K
  class space    used 6928K, committed 7168K, reserved 1048576K
}
Event: 42951.890 GC heap before
{Heap before GC invocations=1952 (full 1937):
 garbage-first heap   total 91136K, used 36335K [0x00000000c0000000, 0x0000000100000000)
  region size 1024K, 1 young (1024K), 0 survivors (0K)
 Metaspace       used 55672K, committed 56256K, reserved 1114112K
  class space    used 6928K, committed 7168K, reserved 1048576K
}
Event: 42951.946 GC heap after
{Heap after GC invocations=1953 (full 1938):
 garbage-first heap   total 91136K, used 36335K [0x00000000c0000000, 0x0000000100000000)
  region size 1024K, 0 young (0K), 0 survivors (0K)
 Metaspace       used 55672K, committed 56256K, reserved 1114112K
  class space    used 6928K, committed 7168K, reserved 1048576K
}
Event: 42962.330 GC heap before
{Heap before GC invocations=1953 (full 1938):
 garbage-first heap   total 91136K, used 36335K [0x00000000c0000000, 0x0000000100000000)
  region size 1024K, 1 young (1024K), 0 survivors (0K)
 Metaspace       used 55672K, committed 56256K, reserved 1114112K
  class space    used 6928K, committed 7168K, reserved 1048576K
}
Event: 42962.380 GC heap after
{Heap after GC invocations=1954 (full 1939):
 garbage-first heap   total 91136K, used 36335K [0x00000000c0000000, 0x0000000100000000)
  region size 1024K, 0 young (0K), 0 survivors (0K)
 Metaspace       used 55672K, committed 56256K, reserved 1114112K
  class space    used 6928K, committed 7168K, reserved 1048576K
}
Event: 42972.744 GC heap before
{Heap before GC invocations=1954 (full 1939):
 garbage-first heap   total 91136K, used 36335K [0x00000000c0000000, 0x0000000100000000)
  region size 1024K, 1 young (1024K), 0 survivors (0K)
 Metaspace       used 55672K, committed 56256K, reserved 1114112K
  class space    used 6928K, committed 7168K, reserved 1048576K
}
Event: 42972.791 GC heap after
{Heap after GC invocations=1955 (full 1940):
 garbage-first heap   total 91136K, used 36335K [0x00000000c0000000, 0x0000000100000000)
  region size 1024K, 0 young (0K), 0 survivors (0K)
 Metaspace       used 55672K, committed 56256K, reserved 1114112K
  class space    used 6928K, committed 7168K, reserved 1048576K
}
Event: 42983.296 GC heap before
{Heap before GC invocations=1955 (full 1940):
 garbage-first heap   total 91136K, used 36335K [0x00000000c0000000, 0x0000000100000000)
  region size 1024K, 1 young (1024K), 0 survivors (0K)
 Metaspace       used 55672K, committed 56256K, reserved 1114112K
  class space    used 6928K, committed 7168K, reserved 1048576K
}
Event: 42983.354 GC heap after
{Heap after GC invocations=1956 (full 1941):
 garbage-first heap   total 91136K, used 36335K [0x00000000c0000000, 0x0000000100000000)
  region size 1024K, 0 young (0K), 0 survivors (0K)
 Metaspace       used 55672K, committed 56256K, reserved 1114112K
  class space    used 6928K, committed 7168K, reserved 1048576K
}
Event: 42993.820 GC heap before
{Heap before GC invocations=1956 (full 1941):
 garbage-first heap   total 91136K, used 36335K [0x00000000c0000000, 0x0000000100000000)
  region size 1024K, 1 young (1024K), 0 survivors (0K)
 Metaspace       used 55672K, committed 56256K, reserved 1114112K
  class space    used 6928K, committed 7168K, reserved 1048576K
}
Event: 42993.876 GC heap after
{Heap after GC invocations=1957 (full 1942):
 garbage-first heap   total 91136K, used 36335K [0x00000000c0000000, 0x0000000100000000)
  region size 1024K, 0 young (0K), 0 survivors (0K)
 Metaspace       used 55672K, committed 56256K, reserved 1114112K
  class space    used 6928K, committed 7168K, reserved 1048576K
}
Event: 43004.314 GC heap before
{Heap before GC invocations=1957 (full 1942):
 garbage-first heap   total 91136K, used 36335K [0x00000000c0000000, 0x0000000100000000)
  region size 1024K, 1 young (1024K), 0 survivors (0K)
 Metaspace       used 55672K, committed 56256K, reserved 1114112K
  class space    used 6928K, committed 7168K, reserved 1048576K
}
Event: 43004.375 GC heap after
{Heap after GC invocations=1958 (full 1943):
 garbage-first heap   total 91136K, used 36335K [0x00000000c0000000, 0x0000000100000000)
  region size 1024K, 0 young (0K), 0 survivors (0K)
 Metaspace       used 55672K, committed 56256K, reserved 1114112K
  class space    used 6928K, committed 7168K, reserved 1048576K
}
Event: 43014.847 GC heap before
{Heap before GC invocations=1958 (full 1943):
 garbage-first heap   total 91136K, used 36335K [0x00000000c0000000, 0x0000000100000000)
  region size 1024K, 1 young (1024K), 0 survivors (0K)
 Metaspace       used 55672K, committed 56256K, reserved 1114112K
  class space    used 6928K, committed 7168K, reserved 1048576K
}
Event: 43014.890 GC heap after
{Heap after GC invocations=1959 (full 1944):
 garbage-first heap   total 91136K, used 36335K [0x00000000c0000000, 0x0000000100000000)
  region size 1024K, 0 young (0K), 0 survivors (0K)
 Metaspace       used 55672K, committed 56256K, reserved 1114112K
  class space    used 6928K, committed 7168K, reserved 1048576K
}

