# JRE version: OpenJDK Runtime Environment Temurin-17.0.10+7 (17.0.10+7) (build 17.0.10+7)
# Java VM: OpenJDK 64-Bit Server VM Temurin-17.0.10+7 (17.0.10+7, mixed mode, emulated-client, tiered, compressed oops, compressed class ptrs, g1 gc, windows-amd64)
GC Precious Log:
 CPUs: 16 total, 16 available
 Memory: 7598M
 Large Page Support: Disabled
 NUMA Support: Disabled
 Compressed Oops: Enabled (32-bit)
 Heap Region Size: 1M
 Heap Min Capacity: 8M
 Heap Initial Capacity: 120M
 Heap Max Capacity: 1G
 Pre-touch: Disabled
 Parallel Workers: 13
 Concurrent Workers: 3
 Concurrent Refinement Workers: 13
 Periodic GC: Disabled
Heap:
 garbage-first heap   total 75776K, used 24677K [0x00000000c0000000, 0x0000000100000000)
  region size 1024K, 1 young (1024K), 0 survivors (0K)
 Metaspace       used 40038K, committed 40448K, reserved 1114112K
  class space    used 5337K, committed 5504K, reserved 1048576K
GC Heap History (20 events):
Event: 80611.599 GC heap before
{Heap before GC invocations=1258 (full 1247):
 garbage-first heap   total 75776K, used 26725K [0x00000000c0000000, 0x0000000100000000)
  region size 1024K, 3 young (3072K), 0 survivors (0K)
 Metaspace       used 40038K, committed 40448K, reserved 1114112K
  class space    used 5337K, committed 5504K, reserved 1048576K
}
Event: 80611.680 GC heap after
{Heap after GC invocations=1259 (full 1248):
 garbage-first heap   total 75776K, used 24682K [0x00000000c0000000, 0x0000000100000000)
  region size 1024K, 0 young (0K), 0 survivors (0K)
 Metaspace       used 40038K, committed 40448K, reserved 1114112K
  class space    used 5337K, committed 5504K, reserved 1048576K
}
Event: 80622.202 GC heap before
{Heap before GC invocations=1259 (full 1248):
 garbage-first heap   total 75776K, used 24682K [0x00000000c0000000, 0x0000000100000000)
  region size 1024K, 1 young (1024K), 0 survivors (0K)
 Metaspace       used 40038K, committed 40448K, reserved 1114112K
  class space    used 5337K, committed 5504K, reserved 1048576K
}
Event: 80622.258 GC heap after
{Heap after GC invocations=1260 (full 1249):
 garbage-first heap   total 75776K, used 24682K [0x00000000c0000000, 0x0000000100000000)
  region size 1024K, 0 young (0K), 0 survivors (0K)
 Metaspace       used 40038K, committed 40448K, reserved 1114112K
  class space    used 5337K, committed 5504K, reserved 1048576K
}
Event: 80632.706 GC heap before
{Heap before GC invocations=1260 (full 1249):
 garbage-first heap   total 75776K, used 25706K [0x00000000c0000000, 0x0000000100000000)
  region size 1024K, 2 young (2048K), 0 survivors (0K)
 Metaspace       used 40038K, committed 40448K, reserved 1114112K
  class space    used 5337K, committed 5504K, reserved 1048576K
}
Event: 80632.745 GC heap after
{Heap after GC invocations=1261 (full 1250):
 garbage-first heap   total 75776K, used 24679K [0x00000000c0000000, 0x0000000100000000)
  region size 1024K, 0 young (0K), 0 survivors (0K)
 Metaspace       used 40038K, committed 40448K, reserved 1114112K
  class space    used 5337K, committed 5504K, reserved 1048576K
}
Event: 80643.413 GC heap before
{Heap before GC invocations=1261 (full 1250):
 garbage-first heap   total 75776K, used 24679K [0x00000000c0000000, 0x0000000100000000)
  region size 1024K, 1 young (1024K), 0 survivors (0K)
 Metaspace       used 40038K, committed 40448K, reserved 1114112K
  class space    used 5337K, committed 5504K, reserved 1048576K
}
Event: 80643.456 GC heap after
{Heap after GC invocations=1262 (full 1251):
 garbage-first heap   total 75776K, used 24677K [0x00000000c0000000, 0x0000000100000000)
  region size 1024K, 0 young (0K), 0 survivors (0K)
 Metaspace       used 40038K, committed 40448K, reserved 1114112K
  class space    used 5337K, committed 5504K, reserved 1048576K
}
Event: 80653.833 GC heap before
{Heap before GC invocations=1262 (full 1251):
 garbage-first heap   total 75776K, used 24677K [0x00000000c0000000, 0x0000000100000000)
  region size 1024K, 1 young (1024K), 0 survivors (0K)
 Metaspace       used 40038K, committed 40448K, reserved 1114112K
  class space    used 5337K, committed 5504K, reserved 1048576K
}
Event: 80653.863 GC heap after
{Heap after GC invocations=1263 (full 1252):
 garbage-first heap   total 75776K, used 24677K [0x00000000c0000000, 0x0000000100000000)
  region size 1024K, 0 young (0K), 0 survivors (0K)
 Metaspace       used 40038K, committed 40448K, reserved 1114112K
  class space    used 5337K, committed 5504K, reserved 1048576K
}
Event: 80664.135 GC heap before
{Heap before GC invocations=1263 (full 1252):
 garbage-first heap   total 75776K, used 24677K [0x00000000c0000000, 0x0000000100000000)
  region size 1024K, 1 young (1024K), 0 survivors (0K)
 Metaspace       used 40038K, committed 40448K, reserved 1114112K
  class space    used 5337K, committed 5504K, reserved 1048576K
}
Event: 80664.162 GC heap after
{Heap after GC invocations=1264 (full 1253):
 garbage-first heap   total 75776K, used 24677K [0x00000000c0000000, 0x0000000100000000)
  region size 1024K, 0 young (0K), 0 survivors (0K)
 Metaspace       used 40038K, committed 40448K, reserved 1114112K
  class space    used 5337K, committed 5504K, reserved 1048576K
}
Event: 80674.627 GC heap before
{Heap before GC invocations=1264 (full 1253):
 garbage-first heap   total 75776K, used 24677K [0x00000000c0000000, 0x0000000100000000)
  region size 1024K, 1 young (1024K), 0 survivors (0K)
 Metaspace       used 40038K, committed 40448K, reserved 1114112K
  class space    used 5337K, committed 5504K, reserved 1048576K
}
Event: 80674.657 GC heap after
{Heap after GC invocations=1265 (full 1254):
 garbage-first heap   total 75776K, used 24677K [0x00000000c0000000, 0x0000000100000000)
  region size 1024K, 0 young (0K), 0 survivors (0K)
 Metaspace       used 40038K, committed 40448K, reserved 1114112K
  class space    used 5337K, committed 5504K, reserved 1048576K
}
Event: 80685.019 GC heap before
{Heap before GC invocations=1265 (full 1254):
 garbage-first heap   total 75776K, used 24677K [0x00000000c0000000, 0x0000000100000000)
  region size 1024K, 1 young (1024K), 0 survivors (0K)
 Metaspace       used 40038K, committed 40448K, reserved 1114112K
  class space    used 5337K, committed 5504K, reserved 1048576K
}
Event: 80685.046 GC heap after
{Heap after GC invocations=1266 (full 1255):
 garbage-first heap   total 75776K, used 24677K [0x00000000c0000000, 0x0000000100000000)
  region size 1024K, 0 young (0K), 0 survivors (0K)
 Metaspace       used 40038K, committed 40448K, reserved 1114112K
  class space    used 5337K, committed 5504K, reserved 1048576K
}
Event: 80695.592 GC heap before
{Heap before GC invocations=1266 (full 1255):
 garbage-first heap   total 75776K, used 24677K [0x00000000c0000000, 0x0000000100000000)
  region size 1024K, 1 young (1024K), 0 survivors (0K)
 Metaspace       used 40038K, committed 40448K, reserved 1114112K
  class space    used 5337K, committed 5504K, reserved 1048576K
}
Event: 80695.636 GC heap after
{Heap after GC invocations=1267 (full 1256):
 garbage-first heap   total 75776K, used 24677K [0x00000000c0000000, 0x0000000100000000)
  region size 1024K, 0 young (0K), 0 survivors (0K)
 Metaspace       used 40038K, committed 40448K, reserved 1114112K
  class space    used 5337K, committed 5504K, reserved 1048576K
}
Event: 80705.971 GC heap before
{Heap before GC invocations=1267 (full 1256):
 garbage-first heap   total 75776K, used 24677K [0x00000000c0000000, 0x0000000100000000)
  region size 1024K, 1 young (1024K), 0 survivors (0K)
 Metaspace       used 40038K, committed 40448K, reserved 1114112K
  class space    used 5337K, committed 5504K, reserved 1048576K
}
Event: 80706.003 GC heap after
{Heap after GC invocations=1268 (full 1257):
 garbage-first heap   total 75776K, used 24677K [0x00000000c0000000, 0x0000000100000000)
  region size 1024K, 0 young (0K), 0 survivors (0K)
 Metaspace       used 40038K, committed 40448K, reserved 1114112K
  class space    used 5337K, committed 5504K, reserved 1048576K
}

